2026-03-18 14:00:56,929 - INFO - Request: {'symbol': 'ETHUSDT', 'side': 'BUY', 'type': 'MARKET', 'quantity': 0.009}
2026-03-18 14:00:57,702 - ERROR - Error creating order: APIError(code=-2015): Invalid API-key, IP, or permissions for action
2026-03-18 14:01:46,470 - INFO - Request: {'symbol': 'ETHUSDT', 'side': 'BUY', 'type': 'MARKET', 'quantity': 0.009}
2026-03-18 14:01:46,899 - ERROR - Error creating order: APIError(code=-2015): Invalid API-key, IP, or permissions for action
2026-03-18 14:06:16,417 - INFO - Request: {'symbol': 'ETHUSDT', 'side': 'BUY', 'type': 'MARKET', 'quantity': 0.009}
2026-03-18 14:06:18,164 - INFO - Response: {}
2026-03-18 14:07:50,843 - INFO - Request: {'symbol': 'ETHUSDT', 'side': 'BUY', 'type': 'MARKET', 'quantity': 0.009}
2026-03-18 14:07:51,488 - INFO - Response: {'orderId': 8565445710, 'symbol': 'ETHUSDT', 'status': 'NEW', 'clientOrderId': 'x-Cb7ytekJ1451d41cf77fad6852cfa7', 'price': '0.00', 'avgPrice': '0.00', 'origQty': '0.009', 'executedQty': '0.000', 'cumQty': '0.000', 'cumQuote': '0.00000', 'timeInForce': 'GTC', 'type': 'MARKET', 'reduceOnly': False, 'closePosition': False, 'side': 'BUY', 'positionSide': 'BOTH', 'stopPrice': '0.00', 'workingType': 'CONTRACT_PRICE', 'priceProtect': False, 'origType': 'MARKET', 'priceMatch': 'NONE', 'selfTradePreventionMode': 'EXPIRE_MAKER', 'goodTillDate': 0, 'updateTime': 1773823070643}
2026-03-18 14:08:32,101 - INFO - Request: {'symbol': 'ETHUSDT', 'side': 'BUY', 'type': 'MARKET', 'quantity': 0.009}
2026-03-18 14:08:32,901 - INFO - Response: {'orderId': 8565450108, 'symbol': 'ETHUSDT', 'status': 'NEW', 'clientOrderId': 'x-Cb7ytekJ52760286cd0e44fe1abfcc', 'price': '0.00', 'avgPrice': '0.00', 'origQty': '0.009', 'executedQty': '0.000', 'cumQty': '0.000', 'cumQuote': '0.00000', 'timeInForce': 'GTC', 'type': 'MARKET', 'reduceOnly': False, 'closePosition': False, 'side': 'BUY', 'positionSide': 'BOTH', 'stopPrice': '0.00', 'workingType': 'CONTRACT_PRICE', 'priceProtect': False, 'origType': 'MARKET', 'priceMatch': 'NONE', 'selfTradePreventionMode': 'EXPIRE_MAKER', 'goodTillDate': 0, 'updateTime': 1773823112091}
2026-03-18 14:10:05,527 - INFO - Request: {'symbol': 'ETHUSDT', 'side': 'BUY', 'type': 'LIMIT', 'quantity': 0.009, 'price': 100.0, 'timeInForce': 'GTC'}
2026-03-18 14:10:07,740 - ERROR - Error creating order: APIError(code=-4164): Order's notional must be no smaller than 20 (unless you choose reduce only).
2026-03-18 14:10:59,528 - INFO - Request: {'symbol': 'ETHUSDT', 'side': 'BUY', 'type': 'LIMIT', 'quantity': 0.009, 'price': 3000.0, 'timeInForce': 'GTC'}
2026-03-18 14:11:00,076 - ERROR - Error creating order: APIError(code=-4016): Limit price can't be higher than 2435.70.
2026-03-18 14:11:18,336 - INFO - Request: {'symbol': 'ETHUSDT', 'side': 'BUY', 'type': 'LIMIT', 'quantity': 0.009, 'price': 2300.0, 'timeInForce': 'GTC'}
2026-03-18 14:11:18,981 - INFO - Response: {'orderId': 8565467841, 'symbol': 'ETHUSDT', 'status': 'NEW', 'clientOrderId': 'x-Cb7ytekJ3ac57ddb7dfc4ea09b8a31', 'price': '2300.00', 'avgPrice': '0.00', 'origQty': '0.009', 'executedQty': '0.000', 'cumQty': '0.000', 'cumQuote': '0.00000', 'timeInForce': 'GTC', 'type': 'LIMIT', 'reduceOnly': False, 'closePosition': False, 'side': 'BUY', 'positionSide': 'BOTH', 'stopPrice': '0.00', 'workingType': 'CONTRACT_PRICE', 'priceProtect': False, 'origType': 'LIMIT', 'priceMatch': 'NONE', 'selfTradePreventionMode': 'EXPIRE_MAKER', 'goodTillDate': 0, 'updateTime': 1773823278199}
2026-03-18 14:12:40,335 - INFO - Request: {'symbol': 'ETHUSDT', 'side': 'BUY', 'type': 'LIMIT', 'quantity': 0.009, 'price': 2435.0, 'timeInForce': 'GTC'}
2026-03-18 14:12:42,192 - ERROR - Error creating order: APIError(code=-4016): Limit price can't be higher than 2434.40.
2026-03-18 14:12:52,826 - INFO - Request: {'symbol': 'ETHUSDT', 'side': 'BUY', 'type': 'LIMIT', 'quantity': 0.009, 'price': 2434.0, 'timeInForce': 'GTC'}
2026-03-18 14:12:53,228 - INFO - Response: {'orderId': 8565479400, 'symbol': 'ETHUSDT', 'status': 'NEW', 'clientOrderId': 'x-Cb7ytekJf976a01b1fdd332f2cfd0b', 'price': '2434.00', 'avgPrice': '0.00', 'origQty': '0.009', 'executedQty': '0.000', 'cumQty': '0.000', 'cumQuote': '0.00000', 'timeInForce': 'GTC', 'type': 'LIMIT', 'reduceOnly': False, 'closePosition': False, 'side': 'BUY', 'positionSide': 'BOTH', 'stopPrice': '0.00', 'workingType': 'CONTRACT_PRICE', 'priceProtect': False, 'origType': 'LIMIT', 'priceMatch': 'NONE', 'selfTradePreventionMode': 'EXPIRE_MAKER', 'goodTillDate': 0, 'updateTime': 1773823372415}
2026-03-18 14:23:18,817 - INFO - Request: {'symbol': 'ETHUSDT', 'side': 'BUY', 'type': 'LIMIT', 'quantity': 0.009, 'price': None, 'timeInForce': 'GTC'}
2026-03-18 14:23:20,140 - ERROR - Error creating order: APIError(code=-1102): Mandatory parameter 'price' was not sent, was empty/null, or malformed.
2026-03-18 14:27:02,306 - INFO - Request: {'symbol': 'ETHUSDT', 'side': 'BUY', 'type': 'LIMIT', 'quantity': 0.009, 'price': 2327.2, 'timeInForce': 'GTC'}
2026-03-18 14:27:09,134 - INFO - Response: {'orderId': 8565572750, 'symbol': 'ETHUSDT', 'status': 'NEW', 'clientOrderId': 'x-Cb7ytekJe1499943a47bf7828888a7', 'price': '2327.20', 'avgPrice': '0.00', 'origQty': '0.009', 'executedQty': '0.000', 'cumQty': '0.000', 'cumQuote': '0.00000', 'timeInForce': 'GTC', 'type': 'LIMIT', 'reduceOnly': False, 'closePosition': False, 'side': 'BUY', 'positionSide': 'BOTH', 'stopPrice': '0.00', 'workingType': 'CONTRACT_PRICE', 'priceProtect': False, 'origType': 'LIMIT', 'priceMatch': 'NONE', 'selfTradePreventionMode': 'EXPIRE_MAKER', 'goodTillDate': 0, 'updateTime': 1773824221739}
2026-03-18 14:30:02,052 - INFO - Request: {'symbol': 'ETHUSDT', 'side': 'BUY', 'type': 'LIMIT', 'quantity': 0.009, 'price': 2344.83, 'timeInForce': 'GTC'}
2026-03-18 14:30:02,344 - INFO - Response: {'orderId': 8565593026, 'symbol': 'ETHUSDT', 'status': 'NEW', 'clientOrderId': 'x-Cb7ytekJ48f13a9bf4f113d7d4079f', 'price': '2344.83', 'avgPrice': '0.00', 'origQty': '0.009', 'executedQty': '0.000', 'cumQty': '0.000', 'cumQuote': '0.00000', 'timeInForce': 'GTC', 'type': 'LIMIT', 'reduceOnly': False, 'closePosition': False, 'side': 'BUY', 'positionSide': 'BOTH', 'stopPrice': '0.00', 'workingType': 'CONTRACT_PRICE', 'priceProtect': False, 'origType': 'LIMIT', 'priceMatch': 'NONE', 'selfTradePreventionMode': 'EXPIRE_MAKER', 'goodTillDate': 0, 'updateTime': 1773824401483}
2026-03-18 14:31:18,701 - INFO - Request: {'symbol': 'ETHUSDT', 'side': 'SELL', 'type': 'LIMIT', 'quantity': 0.009, 'price': 2300.25, 'timeInForce': 'GTC'}
2026-03-18 14:31:18,921 - INFO - Response: {'orderId': 8565599977, 'symbol': 'ETHUSDT', 'status': 'NEW', 'clientOrderId': 'x-Cb7ytekJ1441a6c7924b72179e4326', 'price': '2300.25', 'avgPrice': '0.00', 'origQty': '0.009', 'executedQty': '0.000', 'cumQty': '0.000', 'cumQuote': '0.00000', 'timeInForce': 'GTC', 'type': 'LIMIT', 'reduceOnly': False, 'closePosition': False, 'side': 'SELL', 'positionSide': 'BOTH', 'stopPrice': '0.00', 'workingType': 'CONTRACT_PRICE', 'priceProtect': False, 'origType': 'LIMIT', 'priceMatch': 'NONE', 'selfTradePreventionMode': 'EXPIRE_MAKER', 'goodTillDate': 0, 'updateTime': 1773824478131}
2026-03-18 14:32:22,904 - INFO - Request: {'symbol': 'ETHUSDT', 'side': 'SELL', 'type': 'MARKET', 'quantity': 0.009}
2026-03-18 14:32:23,628 - INFO - Response: {'orderId': 8565606796, 'symbol': 'ETHUSDT', 'status': 'NEW', 'clientOrderId': 'x-Cb7ytekJ1e1404c43d75cc0c29ac11', 'price': '0.00', 'avgPrice': '0.00', 'origQty': '0.009', 'executedQty': '0.000', 'cumQty': '0.000', 'cumQuote': '0.00000', 'timeInForce': 'GTC', 'type': 'MARKET', 'reduceOnly': False, 'closePosition': False, 'side': 'SELL', 'positionSide': 'BOTH', 'stopPrice': '0.00', 'workingType': 'CONTRACT_PRICE', 'priceProtect': False, 'origType': 'MARKET', 'priceMatch': 'NONE', 'selfTradePreventionMode': 'EXPIRE_MAKER', 'goodTillDate': 0, 'updateTime': 1773824542835}
